[2020-02-19T18:54:41.842] [TRACE] default - Entering cheese testing
[2020-02-19T18:54:41.843] [DEBUG] default - Got cheese.
[2020-02-19T18:54:41.843] [INFO] default - Cheese is Comté.
[2020-02-19T18:54:41.843] [WARN] default - Cheese is quite smelly.
[2020-02-19T18:54:41.843] [ERROR] default - Cheese is too ripe!
[2020-02-19T18:54:41.843] [FATAL] default - Cheese was breeding ground for listeria.
[2020-02-19T18:55:51.441] [DEBUG] default - { a: 'b' }
[2020-02-19T18:55:54.452] [DEBUG] default - { a: 'b' }
[2020-02-19T18:55:57.459] [DEBUG] default - { a: 'b' }
[2020-02-19T18:56:00.466] [DEBUG] default - { a: 'b' }
[2020-02-19T18:56:03.472] [DEBUG] default - { a: 'b' }
[2020-02-19T18:56:06.479] [DEBUG] default - { a: 'b' }
[2020-02-19T18:56:09.485] [DEBUG] default - { a: 'b' }
[2020-02-19T18:56:12.493] [DEBUG] default - { a: 'b' }
[2020-02-19T18:56:15.499] [DEBUG] default - { a: 'b' }
[2020-02-19T18:56:18.504] [DEBUG] default - { a: 'b' }
[2020-02-19T18:56:21.510] [DEBUG] default - { a: 'b' }
[2020-02-19T18:56:24.515] [DEBUG] default - { a: 'b' }
[2020-02-19T18:56:27.520] [DEBUG] default - { a: 'b' }
[2020-02-19T18:56:30.527] [DEBUG] default - { a: 'b' }
[2020-02-19T18:56:33.534] [DEBUG] default - { a: 'b' }
[2020-02-19T18:56:36.543] [DEBUG] default - { a: 'b' }
[2020-02-19T18:56:39.547] [DEBUG] default - { a: 'b' }
[2020-02-19T18:56:42.553] [DEBUG] default - { a: 'b' }
[2020-02-19T18:56:45.560] [DEBUG] default - { a: 'b' }
[2020-02-19T18:56:48.568] [DEBUG] default - { a: 'b' }
[2020-02-19T18:56:51.574] [DEBUG] default - { a: 'b' }
[2020-02-19T18:56:54.579] [DEBUG] default - { a: 'b' }
[2020-02-19T18:56:57.586] [DEBUG] default - { a: 'b' }
[2020-02-19T18:57:00.593] [DEBUG] default - { a: 'b' }
[2020-02-19T18:57:03.599] [DEBUG] default - { a: 'b' }
[2020-02-19T18:57:06.608] [DEBUG] default - { a: 'b' }
[2020-02-19T18:57:09.615] [DEBUG] default - { a: 'b' }
[2020-02-19T18:57:12.622] [DEBUG] default - { a: 'b' }
[2020-02-19T18:57:15.629] [DEBUG] default - { a: 'b' }
[2020-02-19T18:57:18.636] [DEBUG] default - { a: 'b' }
[2020-02-19T18:57:21.642] [DEBUG] default - { a: 'b' }
[2020-02-19T18:57:24.647] [DEBUG] default - { a: 'b' }
[2020-02-19T18:57:27.654] [DEBUG] default - { a: 'b' }
[2020-02-19T18:57:30.659] [DEBUG] default - { a: 'b' }
[2020-02-19T18:57:33.675] [DEBUG] default - { a: 'b' }
[2020-02-19T18:57:36.684] [DEBUG] default - { a: 'b' }
[2020-02-19T18:57:39.690] [DEBUG] default - { a: 'b' }
[2020-02-19T18:57:42.697] [DEBUG] default - { a: 'b' }
[2020-02-19T18:57:45.704] [DEBUG] default - { a: 'b' }
[2020-02-19T18:57:48.711] [DEBUG] default - { a: 'b' }
[2020-02-19T18:57:51.718] [DEBUG] default - { a: 'b' }
[2020-02-19T18:57:54.724] [DEBUG] default - { a: 'b' }
[2020-02-19T18:57:57.732] [DEBUG] default - { a: 'b' }
[2020-02-19T18:58:00.738] [DEBUG] default - { a: 'b' }
[2020-02-19T18:58:03.744] [DEBUG] default - { a: 'b' }
[2020-02-19T18:58:06.752] [DEBUG] default - { a: 'b' }
[2020-02-19T18:58:09.759] [DEBUG] default - { a: 'b' }
[2020-02-19T18:58:12.766] [DEBUG] default - { a: 'b' }
[2020-02-19T18:58:15.774] [DEBUG] default - { a: 'b' }
[2020-02-19T18:58:18.779] [DEBUG] default - { a: 'b' }
[2020-02-19T18:58:21.786] [DEBUG] default - { a: 'b' }
[2020-02-19T18:58:24.793] [DEBUG] default - { a: 'b' }
[2020-02-19T18:58:27.798] [DEBUG] default - { a: 'b' }
[2020-02-19T18:58:30.805] [DEBUG] default - { a: 'b' }
[2020-02-19T18:58:33.812] [DEBUG] default - { a: 'b' }
[2020-02-19T18:58:36.820] [DEBUG] default - { a: 'b' }
[2020-02-19T18:58:39.829] [DEBUG] default - { a: 'b' }
[2020-02-19T18:58:42.834] [DEBUG] default - { a: 'b' }
[2020-02-19T18:58:45.841] [DEBUG] default - { a: 'b' }
[2020-02-19T18:58:48.846] [DEBUG] default - { a: 'b' }
[2020-02-19T18:58:51.852] [DEBUG] default - { a: 'b' }
[2020-02-19T18:58:54.859] [DEBUG] default - { a: 'b' }
[2020-02-19T18:58:59.440] [DEBUG] default - 0
[2020-02-19T18:59:00.440] [DEBUG] default - 1
[2020-02-19T18:59:01.442] [DEBUG] default - 2
[2020-02-19T18:59:02.345] [DEBUG] default - { a: 'b' }
[2020-02-19T18:59:02.442] [DEBUG] default - 3
[2020-02-19T18:59:03.442] [DEBUG] default - 4
[2020-02-19T18:59:04.442] [DEBUG] default - 5
[2020-02-19T18:59:05.357] [DEBUG] default - { a: 'b' }
[2020-02-19T18:59:05.443] [DEBUG] default - 6
[2020-02-19T18:59:06.443] [DEBUG] default - 7
[2020-02-19T18:59:07.444] [DEBUG] default - 8
[2020-02-19T18:59:08.365] [DEBUG] default - { a: 'b' }
[2020-02-19T18:59:08.444] [DEBUG] default - 9
[2020-02-19T18:59:09.444] [DEBUG] default - 10
[2020-02-19T18:59:10.444] [DEBUG] default - 11
[2020-02-19T18:59:11.372] [DEBUG] default - { a: 'b' }
[2020-02-19T18:59:11.445] [DEBUG] default - 12
[2020-02-19T18:59:12.445] [DEBUG] default - 13
[2020-02-19T18:59:13.446] [DEBUG] default - 14
[2020-02-19T18:59:14.379] [DEBUG] default - { a: 'b' }
[2020-02-19T18:59:14.446] [DEBUG] default - 15
[2020-02-19T18:59:15.447] [DEBUG] default - 16
[2020-02-19T18:59:16.448] [DEBUG] default - 17
[2020-02-19T18:59:17.384] [DEBUG] default - { a: 'b' }
[2020-02-19T18:59:17.447] [DEBUG] default - 18
[2020-02-19T18:59:18.448] [DEBUG] default - 19
[2020-02-19T18:59:19.448] [DEBUG] default - 20
[2020-02-19T18:59:20.390] [DEBUG] default - { a: 'b' }
[2020-02-19T18:59:20.448] [DEBUG] default - 21
[2020-02-19T18:59:21.449] [DEBUG] default - 22
[2020-02-19T18:59:22.450] [DEBUG] default - 23
[2020-02-19T18:59:23.397] [DEBUG] default - { a: 'b' }
[2020-02-19T18:59:23.449] [DEBUG] default - 24
[2020-02-19T18:59:24.449] [DEBUG] default - 25
[2020-02-19T18:59:25.450] [DEBUG] default - 26
[2020-02-19T18:59:26.404] [DEBUG] default - { a: 'b' }
[2020-02-19T18:59:26.450] [DEBUG] default - 27
[2020-02-19T18:59:27.451] [DEBUG] default - 28
[2020-02-19T18:59:28.452] [DEBUG] default - 29
[2020-02-19T18:59:29.410] [DEBUG] default - { a: 'b' }
[2020-02-19T18:59:29.453] [DEBUG] default - 30
[2020-02-19T18:59:30.455] [DEBUG] default - 31
[2020-02-19T18:59:31.456] [DEBUG] default - 32
[2020-02-19T18:59:32.416] [DEBUG] default - { a: 'b' }
[2020-02-19T18:59:32.457] [DEBUG] default - 33
[2020-02-19T18:59:33.456] [DEBUG] default - 34
[2020-02-19T18:59:34.456] [DEBUG] default - 35
[2020-02-19T18:59:35.430] [DEBUG] default - { a: 'b' }
[2020-02-19T18:59:35.457] [DEBUG] default - 36
[2020-02-19T18:59:36.458] [DEBUG] default - 37
[2020-02-19T18:59:37.459] [DEBUG] default - 38
[2020-02-19T18:59:38.436] [DEBUG] default - { a: 'b' }
[2020-02-19T18:59:38.459] [DEBUG] default - 39
[2020-02-19T18:59:39.460] [DEBUG] default - 40
[2020-02-19T18:59:40.460] [DEBUG] default - 41
[2020-02-19T18:59:41.441] [DEBUG] default - { a: 'b' }
[2020-02-19T18:59:41.462] [DEBUG] default - 42
[2020-02-19T18:59:42.462] [DEBUG] default - 43
[2020-02-19T18:59:43.462] [DEBUG] default - 44
[2020-02-19T18:59:44.447] [DEBUG] default - { a: 'b' }
[2020-02-19T18:59:44.464] [DEBUG] default - 45
[2020-02-19T18:59:45.464] [DEBUG] default - 46
[2020-02-19T18:59:46.464] [DEBUG] default - 47
[2020-02-19T18:59:47.455] [DEBUG] default - { a: 'b' }
[2020-02-19T18:59:47.464] [DEBUG] default - 48
[2020-02-19T18:59:48.464] [DEBUG] default - 49
[2020-02-19T18:59:49.466] [DEBUG] default - 50
[2020-02-19T18:59:50.462] [DEBUG] default - { a: 'b' }
[2020-02-19T18:59:50.465] [DEBUG] default - 51
[2020-02-19T18:59:51.466] [DEBUG] default - 52
[2020-02-19T18:59:52.467] [DEBUG] default - 53
[2020-02-19T18:59:53.467] [DEBUG] default - 54
[2020-02-19T18:59:53.469] [DEBUG] default - { a: 'b' }
[2020-02-19T18:59:54.468] [DEBUG] default - 55
[2020-02-19T18:59:55.467] [DEBUG] default - 56
[2020-02-19T18:59:56.468] [DEBUG] default - 57
[2020-02-19T18:59:56.474] [DEBUG] default - { a: 'b' }
[2020-02-19T18:59:57.469] [DEBUG] default - 58
[2020-02-19T18:59:58.470] [DEBUG] default - 59
[2020-02-19T18:59:59.470] [DEBUG] default - 60
[2020-02-19T18:59:59.481] [DEBUG] default - { a: 'b' }
[2020-02-19T19:00:00.471] [DEBUG] default - 61
[2020-02-19T19:00:01.474] [DEBUG] default - 62
[2020-02-19T19:00:02.474] [DEBUG] default - 63
[2020-02-19T19:00:02.486] [DEBUG] default - { a: 'b' }
[2020-02-19T19:00:03.474] [DEBUG] default - 64
[2020-02-19T19:00:04.475] [DEBUG] default - 65
[2020-02-19T19:00:05.475] [DEBUG] default - 66
[2020-02-19T19:00:05.498] [DEBUG] default - { a: 'b' }
[2020-02-19T19:00:06.476] [DEBUG] default - 67
[2020-02-19T19:00:07.477] [DEBUG] default - 68
[2020-02-19T19:00:08.477] [DEBUG] default - 69
[2020-02-19T19:00:08.503] [DEBUG] default - { a: 'b' }
[2020-02-19T19:00:09.478] [DEBUG] default - 70
[2020-02-19T19:00:10.477] [DEBUG] default - 71
[2020-02-19T19:00:11.477] [DEBUG] default - 72
[2020-02-19T19:00:11.510] [DEBUG] default - { a: 'b' }
[2020-02-19T19:00:12.478] [DEBUG] default - 73
[2020-02-19T19:00:13.479] [DEBUG] default - 74
[2020-02-19T19:00:14.479] [DEBUG] default - 75
[2020-02-19T19:00:14.517] [DEBUG] default - { a: 'b' }
[2020-02-19T19:00:15.481] [DEBUG] default - 76
[2020-02-19T19:00:16.480] [DEBUG] default - 77
[2020-02-19T19:00:17.480] [DEBUG] default - 78
[2020-02-19T19:00:17.524] [DEBUG] default - { a: 'b' }
[2020-02-19T19:00:18.480] [DEBUG] default - 79
[2020-02-19T19:00:19.480] [DEBUG] default - 80
[2020-02-19T19:00:20.480] [DEBUG] default - 81
[2020-02-19T19:00:20.530] [DEBUG] default - { a: 'b' }
[2020-02-19T19:00:21.481] [DEBUG] default - 82
[2020-02-19T19:00:22.481] [DEBUG] default - 83
[2020-02-19T19:00:23.481] [DEBUG] default - 84
[2020-02-19T19:00:23.536] [DEBUG] default - { a: 'b' }
[2020-02-19T19:00:24.482] [DEBUG] default - 85
[2020-02-19T19:00:25.482] [DEBUG] default - 86
[2020-02-19T19:00:26.483] [DEBUG] default - 87
[2020-02-19T19:00:26.542] [DEBUG] default - { a: 'b' }
[2020-02-19T19:00:27.484] [DEBUG] default - 88
[2020-02-19T19:00:28.484] [DEBUG] default - 89
[2020-02-19T19:00:29.486] [DEBUG] default - 90
[2020-02-19T19:00:29.548] [DEBUG] default - { a: 'b' }
[2020-02-19T19:00:30.486] [DEBUG] default - 91
[2020-02-19T19:00:31.486] [DEBUG] default - 92
[2020-02-19T19:00:32.486] [DEBUG] default - 93
[2020-02-19T19:00:32.554] [DEBUG] default - { a: 'b' }
[2020-02-19T19:00:33.486] [DEBUG] default - 94
[2020-02-19T19:00:34.486] [DEBUG] default - 95
[2020-02-19T19:00:35.487] [DEBUG] default - 96
[2020-02-19T19:00:35.560] [DEBUG] default - { a: 'b' }
[2020-02-19T19:00:36.487] [DEBUG] default - 97
[2020-02-19T19:00:37.488] [DEBUG] default - 98
[2020-02-19T19:00:38.488] [DEBUG] default - 99
[2020-02-19T19:00:38.567] [DEBUG] default - { a: 'b' }
[2020-02-19T19:00:39.489] [DEBUG] default - 100
[2020-02-19T19:00:40.488] [DEBUG] default - 101
[2020-02-19T19:00:41.489] [DEBUG] default - 102
[2020-02-19T19:00:41.574] [DEBUG] default - { a: 'b' }
[2020-02-19T19:00:42.490] [DEBUG] default - 103
[2020-02-19T19:00:43.489] [DEBUG] default - 104
[2020-02-19T19:00:44.490] [DEBUG] default - 105
[2020-02-19T19:00:44.580] [DEBUG] default - { a: 'b' }
[2020-02-19T19:00:45.490] [DEBUG] default - 106
[2020-02-19T19:00:46.490] [DEBUG] default - 107
[2020-02-19T19:00:47.491] [DEBUG] default - 108
[2020-02-19T19:00:47.587] [DEBUG] default - { a: 'b' }
[2020-02-19T19:00:48.492] [DEBUG] default - 109
[2020-02-19T19:00:49.492] [DEBUG] default - 110
[2020-02-19T19:00:50.492] [DEBUG] default - 111
[2020-02-19T19:00:50.593] [DEBUG] default - { a: 'b' }
[2020-02-19T19:00:51.493] [DEBUG] default - 112
[2020-02-19T19:00:52.494] [DEBUG] default - 113
[2020-02-19T19:00:53.494] [DEBUG] default - 114
[2020-02-19T19:00:53.598] [DEBUG] default - { a: 'b' }
[2020-02-19T19:00:54.495] [DEBUG] default - 115
[2020-02-19T19:00:55.495] [DEBUG] default - 116
[2020-02-19T19:00:56.496] [DEBUG] default - 117
[2020-02-19T19:00:56.605] [DEBUG] default - { a: 'b' }
[2020-02-19T19:00:57.497] [DEBUG] default - 118
[2020-02-19T19:00:58.498] [DEBUG] default - 119
[2020-02-19T19:00:59.498] [DEBUG] default - 120
[2020-02-19T19:00:59.612] [DEBUG] default - { a: 'b' }
[2020-02-19T19:01:00.499] [DEBUG] default - 121
[2020-02-19T19:01:01.499] [DEBUG] default - 122
[2020-02-19T19:01:02.500] [DEBUG] default - 123
[2020-02-19T19:01:02.618] [DEBUG] default - { a: 'b' }
[2020-02-19T19:01:03.500] [DEBUG] default - 124
[2020-02-19T19:01:04.501] [DEBUG] default - 125
[2020-02-19T19:01:05.502] [DEBUG] default - 126
[2020-02-19T19:01:05.625] [DEBUG] default - { a: 'b' }
[2020-02-19T19:01:06.502] [DEBUG] default - 127
[2020-02-19T19:01:07.502] [DEBUG] default - 128
[2020-02-19T19:01:08.503] [DEBUG] default - 129
[2020-02-19T19:01:08.631] [DEBUG] default - { a: 'b' }
[2020-02-19T19:01:09.504] [DEBUG] default - 130
[2020-02-19T19:01:10.503] [DEBUG] default - 131
[2020-02-19T19:01:11.503] [DEBUG] default - 132
[2020-02-19T19:01:11.638] [DEBUG] default - { a: 'b' }
[2020-02-19T19:01:12.503] [DEBUG] default - 133
[2020-02-19T19:01:13.503] [DEBUG] default - 134
[2020-02-19T19:01:14.503] [DEBUG] default - 135
[2020-02-19T19:01:14.645] [DEBUG] default - { a: 'b' }
[2020-02-19T19:01:15.503] [DEBUG] default - 136
[2020-02-19T19:01:16.504] [DEBUG] default - 137
[2020-02-19T19:01:17.504] [DEBUG] default - 138
[2020-02-19T19:01:17.652] [DEBUG] default - { a: 'b' }
[2020-02-19T19:01:18.505] [DEBUG] default - 139
[2020-02-19T19:01:19.505] [DEBUG] default - 140
[2020-02-19T19:01:20.507] [DEBUG] default - 141
[2020-02-19T19:01:20.659] [DEBUG] default - { a: 'b' }
[2020-02-19T19:01:21.507] [DEBUG] default - 142
[2020-02-19T19:01:22.507] [DEBUG] default - 143
[2020-02-19T19:01:23.508] [DEBUG] default - 144
[2020-02-19T19:01:23.665] [DEBUG] default - { a: 'b' }
[2020-02-19T19:01:24.508] [DEBUG] default - 145
[2020-02-19T19:01:25.509] [DEBUG] default - 146
[2020-02-19T19:01:26.508] [DEBUG] default - 147
[2020-02-19T19:01:26.670] [DEBUG] default - { a: 'b' }
[2020-02-19T19:01:27.509] [DEBUG] default - 148
[2020-02-19T19:01:28.510] [DEBUG] default - 149
[2020-02-19T19:01:29.510] [DEBUG] default - 150
[2020-02-19T19:01:29.676] [DEBUG] default - { a: 'b' }
[2020-02-19T19:01:30.510] [DEBUG] default - 151
[2020-02-19T19:01:31.511] [DEBUG] default - 152
[2020-02-19T19:01:32.511] [DEBUG] default - 153
[2020-02-19T19:01:32.682] [DEBUG] default - { a: 'b' }
[2020-02-19T19:01:33.511] [DEBUG] default - 154
[2020-02-19T19:01:34.511] [DEBUG] default - 155
[2020-02-19T19:01:35.511] [DEBUG] default - 156
[2020-02-19T19:01:35.689] [DEBUG] default - { a: 'b' }
[2020-02-19T19:01:36.511] [DEBUG] default - 157
[2020-02-19T19:01:37.512] [DEBUG] default - 158
[2020-02-19T19:01:38.512] [DEBUG] default - 159
[2020-02-19T19:01:38.695] [DEBUG] default - { a: 'b' }
[2020-02-19T19:01:39.511] [DEBUG] default - 160
[2020-02-19T19:01:40.511] [DEBUG] default - 161
[2020-02-19T19:01:41.512] [DEBUG] default - 162
[2020-02-19T19:01:41.701] [DEBUG] default - { a: 'b' }
[2020-02-19T19:01:42.512] [DEBUG] default - 163
[2020-02-19T19:01:43.513] [DEBUG] default - 164
[2020-02-19T19:01:44.512] [DEBUG] default - 165
[2020-02-19T19:01:44.707] [DEBUG] default - { a: 'b' }
[2020-02-19T19:01:45.513] [DEBUG] default - 166
[2020-02-19T19:01:46.514] [DEBUG] default - 167
[2020-02-19T19:01:47.514] [DEBUG] default - 168
[2020-02-19T19:01:47.713] [DEBUG] default - { a: 'b' }
[2020-02-19T19:01:48.514] [DEBUG] default - 169
[2020-02-19T19:01:49.514] [DEBUG] default - 170
[2020-02-19T19:01:50.515] [DEBUG] default - 171
[2020-02-19T19:01:50.720] [DEBUG] default - { a: 'b' }
[2020-02-19T19:01:51.514] [DEBUG] default - 172
[2020-02-19T19:01:52.514] [DEBUG] default - 173
[2020-02-19T19:01:53.514] [DEBUG] default - 174
[2020-02-19T19:01:53.727] [DEBUG] default - { a: 'b' }
[2020-02-19T19:01:54.514] [DEBUG] default - 175
[2020-02-19T19:01:55.514] [DEBUG] default - 176
[2020-02-19T19:01:56.515] [DEBUG] default - 177
[2020-02-19T19:01:56.734] [DEBUG] default - { a: 'b' }
[2020-02-19T19:01:57.515] [DEBUG] default - 178
[2020-02-19T19:01:58.516] [DEBUG] default - 179
[2020-02-19T19:01:59.516] [DEBUG] default - 180
[2020-02-19T19:01:59.741] [DEBUG] default - { a: 'b' }
[2020-02-19T19:02:00.517] [DEBUG] default - 181
[2020-02-19T19:02:01.516] [DEBUG] default - 182
[2020-02-19T19:02:02.517] [DEBUG] default - 183
[2020-02-19T19:02:02.746] [DEBUG] default - { a: 'b' }
[2020-02-19T19:02:03.517] [DEBUG] default - 184
[2020-02-19T19:02:04.517] [DEBUG] default - 185
[2020-02-19T19:02:05.517] [DEBUG] default - 186
[2020-02-19T19:02:05.751] [DEBUG] default - { a: 'b' }
[2020-02-19T19:02:06.518] [DEBUG] default - 187
[2020-02-19T19:02:07.518] [DEBUG] default - 188
[2020-02-19T19:02:08.519] [DEBUG] default - 189
[2020-02-19T19:02:08.759] [DEBUG] default - { a: 'b' }
[2020-02-19T19:02:09.520] [DEBUG] default - 190
[2020-02-19T19:02:10.520] [DEBUG] default - 191
[2020-02-19T19:02:11.521] [DEBUG] default - 192
[2020-02-19T19:02:11.767] [DEBUG] default - { a: 'b' }
[2020-02-19T19:02:12.521] [DEBUG] default - 193
[2020-02-19T19:02:13.521] [DEBUG] default - 194
[2020-02-19T19:02:14.521] [DEBUG] default - 195
[2020-02-19T19:02:14.774] [DEBUG] default - { a: 'b' }
[2020-02-19T19:02:15.521] [DEBUG] default - 196
[2020-02-19T19:02:16.521] [DEBUG] default - 197
[2020-02-19T19:02:17.522] [DEBUG] default - 198
[2020-02-19T19:02:17.781] [DEBUG] default - { a: 'b' }
[2020-02-19T19:02:18.523] [DEBUG] default - 199
[2020-02-19T19:02:19.523] [DEBUG] default - 200
[2020-02-19T19:02:20.523] [DEBUG] default - 201
[2020-02-19T19:02:20.786] [DEBUG] default - { a: 'b' }
[2020-02-19T19:02:21.524] [DEBUG] default - 202
[2020-02-19T19:02:22.525] [DEBUG] default - 203
[2020-02-19T19:02:23.526] [DEBUG] default - 204
[2020-02-19T19:02:23.792] [DEBUG] default - { a: 'b' }
[2020-02-19T19:02:24.527] [DEBUG] default - 205
[2020-02-19T19:02:25.527] [DEBUG] default - 206
[2020-02-19T19:02:26.527] [DEBUG] default - 207
[2020-02-19T19:02:26.797] [DEBUG] default - { a: 'b' }
[2020-02-19T19:02:27.527] [DEBUG] default - 208
[2020-02-19T19:02:28.527] [DEBUG] default - 209
[2020-02-19T19:02:29.527] [DEBUG] default - 210
[2020-02-19T19:02:29.803] [DEBUG] default - { a: 'b' }
[2020-02-19T19:02:30.527] [DEBUG] default - 211
[2020-02-19T19:02:31.527] [DEBUG] default - 212
[2020-02-19T19:02:32.527] [DEBUG] default - 213
[2020-02-19T19:02:32.810] [DEBUG] default - { a: 'b' }
[2020-02-19T19:02:33.527] [DEBUG] default - 214
[2020-02-19T19:02:34.528] [DEBUG] default - 215
[2020-02-19T19:02:35.529] [DEBUG] default - 216
[2020-02-19T19:02:35.816] [DEBUG] default - { a: 'b' }
[2020-02-19T19:02:36.530] [DEBUG] default - 217
[2020-02-19T19:02:37.532] [DEBUG] default - 218
[2020-02-19T19:02:38.532] [DEBUG] default - 219
[2020-02-19T19:02:38.823] [DEBUG] default - { a: 'b' }
[2020-02-19T19:02:39.533] [DEBUG] default - 220
[2020-02-19T19:02:40.532] [DEBUG] default - 221
[2020-02-19T19:02:41.532] [DEBUG] default - 222
[2020-02-19T19:02:41.829] [DEBUG] default - { a: 'b' }
[2020-02-19T19:02:42.533] [DEBUG] default - 223
[2020-02-19T19:02:43.533] [DEBUG] default - 224
[2020-02-19T19:02:44.534] [DEBUG] default - 225
[2020-02-19T19:02:44.844] [DEBUG] default - { a: 'b' }
[2020-02-19T19:02:45.535] [DEBUG] default - 226
[2020-02-19T19:02:46.535] [DEBUG] default - 227
[2020-02-19T19:02:47.535] [DEBUG] default - 228
[2020-02-19T19:02:47.854] [DEBUG] default - { a: 'b' }
[2020-02-19T19:02:48.536] [DEBUG] default - 229
[2020-02-19T19:02:49.536] [DEBUG] default - 230
[2020-02-19T19:02:50.537] [DEBUG] default - 231
[2020-02-19T19:02:50.860] [DEBUG] default - { a: 'b' }
[2020-02-19T19:02:51.537] [DEBUG] default - 232
[2020-02-19T19:02:52.537] [DEBUG] default - 233
[2020-02-19T19:02:53.538] [DEBUG] default - 234
[2020-02-19T19:02:53.865] [DEBUG] default - { a: 'b' }
[2020-02-19T19:02:54.538] [DEBUG] default - 235
[2020-02-19T19:02:55.538] [DEBUG] default - 236
[2020-02-19T19:02:56.538] [DEBUG] default - 237
[2020-02-19T19:02:56.870] [DEBUG] default - { a: 'b' }
[2020-02-19T19:02:57.539] [DEBUG] default - 238
[2020-02-19T19:02:58.539] [DEBUG] default - 239
[2020-02-19T19:02:59.540] [DEBUG] default - 240
[2020-02-19T19:02:59.877] [DEBUG] default - { a: 'b' }
[2020-02-19T19:03:00.541] [DEBUG] default - 241
[2020-02-19T19:03:01.541] [DEBUG] default - 242
[2020-02-19T19:03:02.542] [DEBUG] default - 243
[2020-02-19T19:03:02.885] [DEBUG] default - { a: 'b' }
[2020-02-19T19:03:03.542] [DEBUG] default - 244
[2020-02-19T19:03:04.542] [DEBUG] default - 245
[2020-02-19T19:03:05.543] [DEBUG] default - 246
[2020-02-19T19:03:05.892] [DEBUG] default - { a: 'b' }
[2020-02-19T19:03:06.545] [DEBUG] default - 247
[2020-02-19T19:03:07.545] [DEBUG] default - 248
[2020-02-19T19:03:08.544] [DEBUG] default - 249
[2020-02-19T19:03:08.898] [DEBUG] default - { a: 'b' }
[2020-02-19T19:03:09.545] [DEBUG] default - 250
[2020-02-19T19:03:10.546] [DEBUG] default - 251
[2020-02-19T19:03:11.546] [DEBUG] default - 252
[2020-02-19T19:03:11.904] [DEBUG] default - { a: 'b' }
[2020-02-19T19:03:12.546] [DEBUG] default - 253
[2020-02-19T19:03:13.548] [DEBUG] default - 254
[2020-02-19T19:03:14.548] [DEBUG] default - 255
[2020-02-19T19:03:14.910] [DEBUG] default - { a: 'b' }
[2020-02-19T19:03:15.548] [DEBUG] default - 256
[2020-02-19T19:03:16.549] [DEBUG] default - 257
[2020-02-19T19:03:17.549] [DEBUG] default - 258
[2020-02-19T19:03:17.915] [DEBUG] default - { a: 'b' }
[2020-02-19T19:03:18.549] [DEBUG] default - 259
[2020-02-19T19:03:19.549] [DEBUG] default - 260
[2020-02-19T19:03:20.549] [DEBUG] default - 261
[2020-02-19T19:03:20.922] [DEBUG] default - { a: 'b' }
[2020-02-19T19:03:21.550] [DEBUG] default - 262
[2020-02-19T19:03:22.551] [DEBUG] default - 263
[2020-02-19T19:03:23.551] [DEBUG] default - 264
[2020-02-19T19:03:23.928] [DEBUG] default - { a: 'b' }
[2020-02-19T19:03:24.551] [DEBUG] default - 265
[2020-02-19T19:03:25.551] [DEBUG] default - 266
[2020-02-19T19:03:26.552] [DEBUG] default - 267
[2020-02-19T19:03:26.934] [DEBUG] default - { a: 'b' }
[2020-02-19T19:03:27.553] [DEBUG] default - 268
[2020-02-19T19:03:28.553] [DEBUG] default - 269
[2020-02-19T19:03:29.553] [DEBUG] default - 270
[2020-02-19T19:03:29.941] [DEBUG] default - { a: 'b' }
[2020-02-19T19:03:30.553] [DEBUG] default - 271
[2020-02-19T19:03:31.553] [DEBUG] default - 272
[2020-02-19T19:03:32.553] [DEBUG] default - 273
[2020-02-19T19:03:32.947] [DEBUG] default - { a: 'b' }
[2020-02-19T19:03:33.554] [DEBUG] default - 274
[2020-02-19T19:03:34.554] [DEBUG] default - 275
[2020-02-19T19:03:35.555] [DEBUG] default - 276
[2020-02-19T19:03:35.956] [DEBUG] default - { a: 'b' }
[2020-02-19T19:03:36.555] [DEBUG] default - 277
[2020-02-19T19:03:37.556] [DEBUG] default - 278
[2020-02-19T19:03:38.556] [DEBUG] default - 279
[2020-02-19T19:03:38.967] [DEBUG] default - { a: 'b' }
[2020-02-19T19:03:39.557] [DEBUG] default - 280
[2020-02-19T19:03:40.558] [DEBUG] default - 281
[2020-02-19T19:03:41.558] [DEBUG] default - 282
[2020-02-19T19:03:41.975] [DEBUG] default - { a: 'b' }
[2020-02-19T19:03:42.559] [DEBUG] default - 283
[2020-02-19T19:03:43.559] [DEBUG] default - 284
[2020-02-19T19:03:44.559] [DEBUG] default - 285
[2020-02-19T19:03:44.980] [DEBUG] default - { a: 'b' }
[2020-02-19T19:03:45.560] [DEBUG] default - 286
[2020-02-19T19:03:46.560] [DEBUG] default - 287
[2020-02-19T19:03:47.561] [DEBUG] default - 288
[2020-02-19T19:03:47.992] [DEBUG] default - { a: 'b' }
[2020-02-19T19:03:48.561] [DEBUG] default - 289
[2020-02-19T19:03:49.562] [DEBUG] default - 290
[2020-02-19T19:03:50.562] [DEBUG] default - 291
[2020-02-19T19:03:50.997] [DEBUG] default - { a: 'b' }
[2020-02-19T19:03:51.562] [DEBUG] default - 292
[2020-02-19T19:03:52.562] [DEBUG] default - 293
[2020-02-19T19:03:53.563] [DEBUG] default - 294
[2020-02-19T19:03:54.005] [DEBUG] default - { a: 'b' }
[2020-02-19T19:03:54.564] [DEBUG] default - 295
[2020-02-19T19:03:55.565] [DEBUG] default - 296
[2020-02-19T19:03:56.566] [DEBUG] default - 297
[2020-02-19T19:03:57.010] [DEBUG] default - { a: 'b' }
[2020-02-19T19:03:57.566] [DEBUG] default - 298
[2020-02-19T19:03:58.567] [DEBUG] default - 299
[2020-02-19T19:03:59.566] [DEBUG] default - 300
[2020-02-19T19:04:00.016] [DEBUG] default - { a: 'b' }
[2020-02-19T19:04:00.566] [DEBUG] default - 301
[2020-02-19T19:04:01.567] [DEBUG] default - 302
[2020-02-19T19:04:02.567] [DEBUG] default - 303
[2020-02-19T19:04:03.030] [DEBUG] default - { a: 'b' }
[2020-02-19T19:04:30.080] [DEBUG] default - { a: 'b' }
[2020-02-19T19:04:31.027] [DEBUG] default - 0
[2020-02-19T19:04:32.027] [DEBUG] default - 1
[2020-02-19T19:04:33.027] [DEBUG] default - 2
[2020-02-19T19:04:33.096] [DEBUG] default - { a: 'b' }
[2020-02-19T19:04:34.027] [DEBUG] default - 3
[2020-02-19T19:04:35.027] [DEBUG] default - 4
[2020-02-19T19:04:36.027] [DEBUG] default - 5
[2020-02-19T19:04:36.102] [DEBUG] default - { a: 'b' }
[2020-02-19T19:08:29.984] [DEBUG] default - 0
[2020-02-19T19:08:30.984] [DEBUG] default - 1
[2020-02-19T19:08:31.985] [DEBUG] default - 2
[2020-02-19T19:08:32.985] [DEBUG] default - 3
[2020-02-19T19:08:33.080] [DEBUG] default - { a: 'b' }
[2020-02-19T19:08:33.986] [DEBUG] default - 4
[2020-02-19T19:08:34.986] [DEBUG] default - 5
[2020-02-19T19:08:35.986] [DEBUG] default - 6
[2020-02-19T19:08:36.090] [DEBUG] default - { a: 'b' }
[2020-02-19T19:08:36.987] [DEBUG] default - 7
[2020-02-19T19:08:37.986] [DEBUG] default - 8
[2020-02-19T19:08:38.986] [DEBUG] default - 9
[2020-02-19T19:08:39.095] [DEBUG] default - { a: 'b' }
[2020-02-19T19:08:39.987] [DEBUG] default - 10
[2020-02-19T19:08:40.986] [DEBUG] default - 11
[2020-02-19T19:08:41.987] [DEBUG] default - 12
[2020-02-19T19:08:42.101] [DEBUG] default - { a: 'b' }
[2020-02-19T19:08:42.987] [DEBUG] default - 13
[2020-02-19T19:08:43.988] [DEBUG] default - 14
[2020-02-19T19:08:44.988] [DEBUG] default - 15
[2020-02-19T19:08:45.107] [DEBUG] default - { a: 'b' }
[2020-02-19T19:08:45.989] [DEBUG] default - 16
[2020-02-19T19:08:46.990] [DEBUG] default - 17
[2020-02-19T19:08:47.991] [DEBUG] default - 18
[2020-02-19T19:08:48.115] [DEBUG] default - { a: 'b' }
[2020-02-19T19:08:48.991] [DEBUG] default - 19
[2020-02-19T19:08:49.991] [DEBUG] default - 20
[2020-02-19T19:08:50.991] [DEBUG] default - 21
[2020-02-19T19:08:51.122] [DEBUG] default - { a: 'b' }
[2020-02-19T19:08:51.990] [DEBUG] default - 22
[2020-02-19T19:08:52.991] [DEBUG] default - 23
[2020-02-19T19:08:53.992] [DEBUG] default - 24
[2020-02-19T19:08:54.129] [DEBUG] default - { a: 'b' }
[2020-02-19T19:08:54.992] [DEBUG] default - 25
[2020-02-19T19:08:55.991] [DEBUG] default - 26
[2020-02-19T19:08:56.992] [DEBUG] default - 27
[2020-02-19T19:08:57.137] [DEBUG] default - { a: 'b' }
[2020-02-19T19:08:57.992] [DEBUG] default - 28
[2020-02-19T19:08:58.993] [DEBUG] default - 29
[2020-02-19T19:08:59.993] [DEBUG] default - 30
[2020-02-19T19:09:00.144] [DEBUG] default - { a: 'b' }
[2020-02-19T19:09:00.992] [DEBUG] default - 31
[2020-02-19T19:09:01.994] [DEBUG] default - 32
[2020-02-19T19:09:02.993] [DEBUG] default - 33
[2020-02-19T19:09:03.151] [DEBUG] default - { a: 'b' }
[2020-02-19T19:09:03.994] [DEBUG] default - 34
[2020-02-19T19:09:04.994] [DEBUG] default - 35
[2020-02-19T19:09:05.995] [DEBUG] default - 36
[2020-02-19T19:09:06.160] [DEBUG] default - { a: 'b' }
[2020-02-19T19:09:06.996] [DEBUG] default - 37
[2020-02-19T19:09:07.996] [DEBUG] default - 38
[2020-02-19T19:09:08.997] [DEBUG] default - 39
[2020-02-19T19:09:09.166] [DEBUG] default - { a: 'b' }
[2020-02-19T19:09:12.155] [DEBUG] default - 0
[2020-02-19T19:09:13.155] [DEBUG] default - 1
[2020-02-19T19:09:14.155] [DEBUG] default - 2
[2020-02-19T19:09:14.667] [DEBUG] default - { a: 'b' }
[2020-02-19T19:09:15.155] [DEBUG] default - 3
[2020-02-19T19:09:16.155] [DEBUG] default - 4
[2020-02-19T19:09:17.155] [DEBUG] default - 5
[2020-02-19T19:09:17.679] [DEBUG] default - { a: 'b' }
[2020-02-19T19:09:18.155] [DEBUG] default - 6
[2020-02-19T19:09:19.156] [DEBUG] default - 7
[2020-02-19T19:09:20.156] [DEBUG] default - 8
[2020-02-19T19:09:20.685] [DEBUG] default - { a: 'b' }
[2020-02-19T19:09:21.157] [DEBUG] default - 9
[2020-02-19T19:09:22.157] [DEBUG] default - 10
[2020-02-19T19:09:23.158] [DEBUG] default - 11
[2020-02-19T19:09:23.693] [DEBUG] default - { a: 'b' }
[2020-02-19T19:09:24.160] [DEBUG] default - 12
[2020-02-19T19:09:25.160] [DEBUG] default - 13
[2020-02-19T19:09:26.161] [DEBUG] default - 14
[2020-02-19T19:09:26.700] [DEBUG] default - { a: 'b' }
[2020-02-19T19:09:27.161] [DEBUG] default - 15
[2020-02-19T19:09:28.162] [DEBUG] default - 16
[2020-02-19T19:09:29.161] [DEBUG] default - 17
[2020-02-19T19:09:29.708] [DEBUG] default - { a: 'b' }
[2020-02-19T19:09:30.162] [DEBUG] default - 18
[2020-02-19T19:09:31.163] [DEBUG] default - 19
[2020-02-19T19:09:32.163] [DEBUG] default - 20
[2020-02-19T19:09:32.716] [DEBUG] default - { a: 'b' }
[2020-02-19T19:09:33.163] [DEBUG] default - 21
[2020-02-19T19:09:34.164] [DEBUG] default - 22
[2020-02-19T19:09:35.164] [DEBUG] default - 23
[2020-02-19T19:09:35.725] [DEBUG] default - { a: 'b' }
[2020-02-19T19:09:36.165] [DEBUG] default - 24
[2020-02-19T19:09:37.166] [DEBUG] default - 25
[2020-02-19T19:09:38.167] [DEBUG] default - 26
[2020-02-19T19:09:38.737] [DEBUG] default - { a: 'b' }
[2020-02-19T19:09:39.167] [DEBUG] default - 27
[2020-02-19T19:09:40.168] [DEBUG] default - 28
[2020-02-19T19:09:41.168] [DEBUG] default - 29
[2020-02-19T19:09:41.744] [DEBUG] default - { a: 'b' }
[2020-02-19T19:09:42.169] [DEBUG] default - 30
[2020-02-19T19:09:43.169] [DEBUG] default - 31
[2020-02-19T19:09:44.168] [DEBUG] default - 32
[2020-02-19T19:09:44.750] [DEBUG] default - { a: 'b' }
[2020-02-19T19:09:45.168] [DEBUG] default - 33
[2020-02-19T19:09:46.168] [DEBUG] default - 34
[2020-02-19T19:09:47.169] [DEBUG] default - 35
[2020-02-19T19:09:47.756] [DEBUG] default - { a: 'b' }
[2020-02-19T19:09:48.170] [DEBUG] default - 36
[2020-02-19T19:09:49.171] [DEBUG] default - 37
[2020-02-19T19:09:50.170] [DEBUG] default - 38
[2020-02-19T19:09:50.765] [DEBUG] default - { a: 'b' }
[2020-02-19T19:09:51.170] [DEBUG] default - 39
[2020-02-19T19:09:52.170] [DEBUG] default - 40
[2020-02-19T19:09:53.170] [DEBUG] default - 41
[2020-02-19T19:09:53.771] [DEBUG] default - { a: 'b' }
[2020-02-19T19:09:54.171] [DEBUG] default - 42
[2020-02-19T19:09:55.172] [DEBUG] default - 43
[2020-02-19T19:09:56.173] [DEBUG] default - 44
[2020-02-19T19:09:56.779] [DEBUG] default - { a: 'b' }
[2020-02-19T19:09:57.173] [DEBUG] default - 45
[2020-02-19T19:09:58.173] [DEBUG] default - 46
[2020-02-19T19:09:59.173] [DEBUG] default - 47
[2020-02-19T19:09:59.787] [DEBUG] default - { a: 'b' }
[2020-02-19T19:10:00.175] [DEBUG] default - 48
[2020-02-19T19:10:01.174] [DEBUG] default - 49
[2020-02-19T19:10:02.174] [DEBUG] default - 50
[2020-02-19T19:10:02.795] [DEBUG] default - { a: 'b' }
[2020-02-19T19:10:03.175] [DEBUG] default - 51
[2020-02-19T19:10:04.176] [DEBUG] default - 52
[2020-02-19T19:10:05.176] [DEBUG] default - 53
[2020-02-19T19:10:05.804] [DEBUG] default - { a: 'b' }
[2020-02-19T19:10:06.176] [DEBUG] default - 54
[2020-02-19T19:10:07.176] [DEBUG] default - 55
[2020-02-19T19:10:08.177] [DEBUG] default - 56
[2020-02-19T19:10:08.811] [DEBUG] default - { a: 'b' }
[2020-02-19T19:10:09.178] [DEBUG] default - 57
[2020-02-19T19:10:10.177] [DEBUG] default - 58
[2020-02-19T19:10:11.178] [DEBUG] default - 59
[2020-02-19T19:10:11.820] [DEBUG] default - { a: 'b' }
[2020-02-19T19:10:12.178] [DEBUG] default - 60
[2020-02-19T19:10:13.179] [DEBUG] default - 61
[2020-02-19T19:10:14.179] [DEBUG] default - 62
[2020-02-19T19:10:14.828] [DEBUG] default - { a: 'b' }
[2020-02-19T19:10:15.180] [DEBUG] default - 63
[2020-02-19T19:10:16.179] [DEBUG] default - 64
[2020-02-19T19:10:17.180] [DEBUG] default - 65
[2020-02-19T19:10:17.835] [DEBUG] default - { a: 'b' }
[2020-02-19T19:10:18.180] [DEBUG] default - 66
[2020-02-19T19:10:19.180] [DEBUG] default - 67
[2020-02-19T19:10:20.180] [DEBUG] default - 68
[2020-02-19T19:10:20.843] [DEBUG] default - { a: 'b' }
[2020-02-19T19:10:21.181] [DEBUG] default - 69
[2020-02-19T19:10:22.181] [DEBUG] default - 70
[2020-02-19T19:10:23.182] [DEBUG] default - 71
[2020-02-19T19:10:23.850] [DEBUG] default - { a: 'b' }
[2020-02-19T19:10:24.183] [DEBUG] default - 72
[2020-02-19T19:10:25.182] [DEBUG] default - 73
[2020-02-19T19:10:26.182] [DEBUG] default - 74
[2020-02-19T19:10:26.857] [DEBUG] default - { a: 'b' }
[2020-02-19T19:10:27.183] [DEBUG] default - 75
[2020-02-19T19:10:28.183] [DEBUG] default - 76
[2020-02-19T19:10:29.184] [DEBUG] default - 77
[2020-02-19T19:10:29.865] [DEBUG] default - { a: 'b' }
[2020-02-19T19:10:30.185] [DEBUG] default - 78
[2020-02-19T19:10:31.186] [DEBUG] default - 79
[2020-02-19T19:10:32.186] [DEBUG] default - 80
[2020-02-19T19:10:32.872] [DEBUG] default - { a: 'b' }
[2020-02-19T19:10:33.186] [DEBUG] default - 81
[2020-02-19T19:10:34.186] [DEBUG] default - 82
[2020-02-19T19:10:35.187] [DEBUG] default - 83
[2020-02-19T19:10:35.879] [DEBUG] default - { a: 'b' }
[2020-02-19T19:10:36.187] [DEBUG] default - 84
[2020-02-19T19:10:37.186] [DEBUG] default - 85
[2020-02-19T19:10:38.187] [DEBUG] default - 86
[2020-02-19T19:10:38.887] [DEBUG] default - { a: 'b' }
[2020-02-19T19:10:39.188] [DEBUG] default - 87
[2020-02-19T19:10:40.188] [DEBUG] default - 88
[2020-02-19T19:10:41.189] [DEBUG] default - 89
[2020-02-19T19:10:41.895] [DEBUG] default - { a: 'b' }
[2020-02-19T19:10:42.189] [DEBUG] default - 90
[2020-02-19T19:10:43.190] [DEBUG] default - 91
[2020-02-19T19:10:44.190] [DEBUG] default - 92
[2020-02-19T19:10:44.903] [DEBUG] default - { a: 'b' }
[2020-02-19T19:10:45.191] [DEBUG] default - 93
[2020-02-19T19:10:46.191] [DEBUG] default - 94
[2020-02-19T19:10:47.192] [DEBUG] default - 95
[2020-02-19T19:10:47.911] [DEBUG] default - { a: 'b' }
[2020-02-19T19:10:48.193] [DEBUG] default - 96
[2020-02-19T19:10:49.193] [DEBUG] default - 97
[2020-02-19T19:10:50.193] [DEBUG] default - 98
[2020-02-19T19:10:50.919] [DEBUG] default - { a: 'b' }
[2020-02-19T19:10:51.194] [DEBUG] default - 99
[2020-02-19T19:10:52.194] [DEBUG] default - 100
[2020-02-19T19:10:53.194] [DEBUG] default - 101
[2020-02-19T19:10:53.928] [DEBUG] default - { a: 'b' }
[2020-02-19T19:10:54.195] [DEBUG] default - 102
[2020-02-19T19:10:55.196] [DEBUG] default - 103
[2020-02-19T19:10:56.197] [DEBUG] default - 104
[2020-02-19T19:10:56.937] [DEBUG] default - { a: 'b' }
[2020-02-19T19:10:57.197] [DEBUG] default - 105
[2020-02-19T19:10:58.197] [DEBUG] default - 106
[2020-02-19T19:10:59.198] [DEBUG] default - 107
[2020-02-19T19:10:59.944] [DEBUG] default - { a: 'b' }
[2020-02-19T19:11:00.199] [DEBUG] default - 108
[2020-02-19T19:11:01.198] [DEBUG] default - 109
[2020-02-19T19:11:02.199] [DEBUG] default - 110
[2020-02-19T19:11:02.952] [DEBUG] default - { a: 'b' }
[2020-02-19T19:11:03.199] [DEBUG] default - 111
[2020-02-19T19:11:04.200] [DEBUG] default - 112
[2020-02-19T19:11:05.200] [DEBUG] default - 113
[2020-02-19T19:11:05.960] [DEBUG] default - { a: 'b' }
[2020-02-19T19:11:06.200] [DEBUG] default - 114
[2020-02-19T19:11:07.200] [DEBUG] default - 115
[2020-02-19T19:11:08.200] [DEBUG] default - 116
[2020-02-19T19:11:08.967] [DEBUG] default - { a: 'b' }
[2020-02-19T19:11:09.200] [DEBUG] default - 117
[2020-02-19T19:11:10.201] [DEBUG] default - 118
[2020-02-19T19:11:11.202] [DEBUG] default - 119
[2020-02-19T19:11:11.974] [DEBUG] default - { a: 'b' }
[2020-02-19T19:11:12.202] [DEBUG] default - 120
[2020-02-19T19:11:13.202] [DEBUG] default - 121
[2020-02-19T19:11:14.202] [DEBUG] default - 122
[2020-02-19T19:11:14.991] [DEBUG] default - { a: 'b' }
[2020-02-19T19:11:15.202] [DEBUG] default - 123
[2020-02-19T19:11:16.202] [DEBUG] default - 124
[2020-02-19T19:11:17.203] [DEBUG] default - 125
[2020-02-19T19:11:17.999] [DEBUG] default - { a: 'b' }
[2020-02-19T19:11:18.202] [DEBUG] default - 126
[2020-02-19T19:11:19.202] [DEBUG] default - 127
[2020-02-19T19:11:20.202] [DEBUG] default - 128
[2020-02-19T19:11:21.016] [DEBUG] default - { a: 'b' }
[2020-02-19T19:11:21.202] [DEBUG] default - 129
[2020-02-19T19:11:22.203] [DEBUG] default - 130
[2020-02-19T19:11:23.204] [DEBUG] default - 131
[2020-02-19T19:11:24.025] [DEBUG] default - { a: 'b' }
[2020-02-19T19:11:24.204] [DEBUG] default - 132
[2020-02-19T19:11:25.204] [DEBUG] default - 133
[2020-02-19T19:11:26.204] [DEBUG] default - 134
[2020-02-19T19:11:27.032] [DEBUG] default - { a: 'b' }
[2020-02-19T19:11:27.206] [DEBUG] default - 135
[2020-02-19T19:11:28.206] [DEBUG] default - 136
[2020-02-19T19:11:29.207] [DEBUG] default - 137
[2020-02-19T19:11:30.038] [DEBUG] default - { a: 'b' }
[2020-02-19T19:11:30.207] [DEBUG] default - 138
[2020-02-19T19:11:31.207] [DEBUG] default - 139
[2020-02-19T19:11:32.208] [DEBUG] default - 140
[2020-02-19T19:11:33.045] [DEBUG] default - { a: 'b' }
[2020-02-19T19:11:33.208] [DEBUG] default - 141
[2020-02-19T19:11:34.208] [DEBUG] default - 142
[2020-02-19T19:11:35.208] [DEBUG] default - 143
[2020-02-19T19:11:36.052] [DEBUG] default - { a: 'b' }
[2020-02-19T19:11:36.209] [DEBUG] default - 144
[2020-02-19T19:11:37.210] [DEBUG] default - 145
[2020-02-19T19:11:38.209] [DEBUG] default - 146
[2020-02-19T19:11:39.057] [DEBUG] default - { a: 'b' }
[2020-02-19T19:11:39.209] [DEBUG] default - 147
[2020-02-19T19:11:40.210] [DEBUG] default - 148
[2020-02-19T19:11:41.210] [DEBUG] default - 149
[2020-02-19T19:11:42.065] [DEBUG] default - { a: 'b' }
[2020-02-19T19:11:42.210] [DEBUG] default - 150
[2020-02-19T19:11:43.210] [DEBUG] default - 151
[2020-02-19T19:11:44.210] [DEBUG] default - 152
[2020-02-19T19:11:45.073] [DEBUG] default - { a: 'b' }
[2020-02-19T19:11:45.210] [DEBUG] default - 153
[2020-02-19T19:11:46.211] [DEBUG] default - 154
[2020-02-19T19:11:47.212] [DEBUG] default - 155
[2020-02-19T19:11:48.094] [DEBUG] default - { a: 'b' }
[2020-02-19T19:11:48.212] [DEBUG] default - 156
[2020-02-19T19:11:49.212] [DEBUG] default - 157
[2020-02-19T19:11:50.213] [DEBUG] default - 158
[2020-02-19T19:11:51.102] [DEBUG] default - { a: 'b' }
[2020-02-19T19:11:51.214] [DEBUG] default - 159
[2020-02-19T19:11:52.214] [DEBUG] default - 160
[2020-02-19T19:11:53.214] [DEBUG] default - 161
[2020-02-19T19:11:54.111] [DEBUG] default - { a: 'b' }
[2020-02-19T19:11:54.215] [DEBUG] default - 162
[2020-02-19T19:11:55.215] [DEBUG] default - 163
[2020-02-19T19:11:56.215] [DEBUG] default - 164
[2020-02-19T19:11:57.122] [DEBUG] default - { a: 'b' }
[2020-02-19T19:11:57.215] [DEBUG] default - 165
[2020-02-19T19:11:58.216] [DEBUG] default - 166
[2020-02-19T19:11:59.216] [DEBUG] default - 167
[2020-02-19T19:12:00.129] [DEBUG] default - { a: 'b' }
[2020-02-19T19:12:00.217] [DEBUG] default - 168
[2020-02-19T21:22:29.153] [DEBUG] default - [ { ip: '10.0.0.7', mac: 'd4:25:8b:c1:ea:62' },
  { ip: '172.18.13.65', mac: '02:15:9f:be:c5:17' } ]
[2020-02-19T21:22:30.050] [DEBUG] default - 0
[2020-02-19T21:22:31.050] [DEBUG] default - 1
[2020-02-19T21:22:32.051] [DEBUG] default - 2
[2020-02-19T21:22:32.169] [DEBUG] default - [ { ip: '10.0.0.7', mac: 'd4:25:8b:c1:ea:62' },
  { ip: '172.18.13.65', mac: '02:15:9f:be:c5:17' } ]
[2020-02-19T21:22:33.052] [DEBUG] default - 3
[2020-02-19T21:22:34.053] [DEBUG] default - 4
[2020-02-19T21:22:35.053] [DEBUG] default - 5
[2020-02-19T21:22:35.176] [DEBUG] default - [ { ip: '10.0.0.7', mac: 'd4:25:8b:c1:ea:62' },
  { ip: '172.18.13.65', mac: '02:15:9f:be:c5:17' } ]
[2020-02-19T21:22:36.053] [DEBUG] default - 6
[2020-02-19T21:22:37.054] [DEBUG] default - 7
[2020-02-19T21:22:38.054] [DEBUG] default - 8
[2020-02-19T21:22:38.184] [DEBUG] default - [ { ip: '10.0.0.7', mac: 'd4:25:8b:c1:ea:62' },
  { ip: '172.18.13.65', mac: '02:15:9f:be:c5:17' } ]
[2020-02-19T21:22:39.055] [DEBUG] default - 9
[2020-02-19T21:22:40.055] [DEBUG] default - 10
[2020-02-19T21:22:41.057] [DEBUG] default - 11
[2020-02-19T21:22:41.190] [DEBUG] default - [ { ip: '10.0.0.7', mac: 'd4:25:8b:c1:ea:62' },
  { ip: '172.18.13.65', mac: '02:15:9f:be:c5:17' } ]
[2020-02-19T21:22:42.057] [DEBUG] default - 12
[2020-02-19T21:22:43.057] [DEBUG] default - 13
[2020-02-19T21:22:44.058] [DEBUG] default - 14
[2020-02-19T21:22:44.198] [DEBUG] default - [ { ip: '10.0.0.7', mac: 'd4:25:8b:c1:ea:62' },
  { ip: '172.18.13.65', mac: '02:15:9f:be:c5:17' } ]
[2020-02-19T21:22:45.058] [DEBUG] default - 15
[2020-02-19T21:22:46.058] [DEBUG] default - 16
[2020-02-19T21:22:47.060] [DEBUG] default - 17
[2020-02-19T21:22:47.205] [DEBUG] default - [ { ip: '10.0.0.7', mac: 'd4:25:8b:c1:ea:62' },
  { ip: '172.18.13.65', mac: '02:15:9f:be:c5:17' } ]
[2020-02-19T21:22:48.059] [DEBUG] default - 18
[2020-02-19T21:22:49.060] [DEBUG] default - 19
[2020-02-19T21:22:50.061] [DEBUG] default - 20
[2020-02-19T21:22:50.213] [DEBUG] default - [ { ip: '10.0.0.7', mac: 'd4:25:8b:c1:ea:62' },
  { ip: '172.18.13.65', mac: '02:15:9f:be:c5:17' } ]
[2020-02-19T21:22:51.062] [DEBUG] default - 21
